This is pdfeTeX, Version 3.141592-1.21a-2.2 (Web2C 7.5.4) (format=pdflatex 2006.9.28)  10 FEB 2012 15:00
entering extended mode
**notes.tex
(./notes.tex
LaTeX2e <2003/12/01>
Babel <v3.8d> and hyphenation patterns for american, french, german, ngerman, b
ahasa, basque, bulgarian, catalan, croatian, czech, danish, dutch, esperanto, e
stonian, finnish, greek, icelandic, irish, italian, latin, magyar, norsk, polis
h, portuges, romanian, russian, serbian, slovak, slovene, spanish, swedish, tur
kish, ukrainian, nohyphenation, loaded.
(/cea/produits1/teTeX-3e/share/texmf-dist/tex/latex/base/article.cls
Document Class: article 2004/02/16 v1.4f Standard LaTeX document class
(/cea/produits1/teTeX-3e/share/texmf-dist/tex/latex/base/size10.clo
File: size10.clo 2004/02/16 v1.4f Standard LaTeX file (size option)
)
\c@part=\count79
\c@section=\count80
\c@subsection=\count81
\c@subsubsection=\count82
\c@paragraph=\count83
\c@subparagraph=\count84
\c@figure=\count85
\c@table=\count86
\abovecaptionskip=\skip41
\belowcaptionskip=\skip42
\bibindent=\dimen102
)
(/cea/produits1/teTeX-3e/share/texmf-dist/tex/generic/babel/babel.sty
Package: babel 2004/11/20 v3.8d The Babel package

(/cea/produits1/teTeX-3e/share/texmf-dist/tex/generic/babel/english.ldf
Language: english 2004/06/14 v3.3o English support from the babel system

(/cea/produits1/teTeX-3e/share/texmf-dist/tex/generic/babel/babel.def
File: babel.def 2004/11/20 v3.8d Babel common definitions
\babel@savecnt=\count87
\U@D=\dimen103
)
\l@british = a dialect from \language\l@english 
\l@UKenglish = a dialect from \language\l@english 
\l@canadian = a dialect from \language\l@american 
\l@australian = a dialect from \language\l@british 
\l@newzealand = a dialect from \language\l@british 
))
(/cea/produits1/teTeX-3e/share/texmf-dist/tex/latex/ae/ae.sty
Package: ae 2001/02/12 1.3 Almost European Computer Modern

(/cea/produits1/teTeX-3e/share/texmf-dist/tex/latex/base/fontenc.sty
Package: fontenc 2004/02/22 v1.99f Standard LaTeX package

(/cea/produits1/teTeX-3e/share/texmf-dist/tex/latex/base/t1enc.def
File: t1enc.def 2004/02/22 v1.99f Standard LaTeX file
LaTeX Font Info:    Redeclaring font encoding T1 on input line 43.
)
LaTeX Font Info:    Try loading font information for T1+aer on input line 100.

(/cea/produits1/teTeX-3e/share/texmf-dist/tex/latex/ae/t1aer.fd
File: t1aer.fd 1997/11/16 Font definitions for T1/aer.
)))
(/cea/produits1/teTeX-3e/share/texmf-dist/tex/latex/aeguill/aeguill.sty
Package: aeguill 2003/08/02 1.02 AE fonts with french guillemets (D. Roegel)
)
(/cea/produits1/teTeX-3e/share/texmf-dist/tex/latex/base/shortvrb.sty
Package: shortvrb 2004/02/09 v2.1b Standard LaTeX documentation package (FMi)
)
(/cea/produits1/teTeX-3e/share/texmf-dist/tex/latex/base/inputenc.sty
Package: inputenc 2004/02/05 v1.0d Input encoding file

(/cea/produits1/teTeX-3e/share/texmf-dist/tex/latex/base/latin1.def
File: latin1.def 2004/02/05 v1.0d Input encoding file
))
(/cea/produits1/teTeX-3e/share/texmf-dist/tex/latex/tools/tabularx.sty
Package: tabularx 1999/01/07 v2.07 `tabularx' package (DPC)

(/cea/produits1/teTeX-3e/share/texmf-dist/tex/latex/tools/array.sty
Package: array 2003/12/17 v2.4a Tabular extension package (FMi)
\col@sep=\dimen104
\extrarowheight=\dimen105
\NC@list=\toks14
\extratabsurround=\skip43
\backup@length=\skip44
)
\TX@col@width=\dimen106
\TX@old@table=\dimen107
\TX@old@col=\dimen108
\TX@target=\dimen109
\TX@delta=\dimen110
\TX@cols=\count88
\TX@ftn=\toks15
)
(/cea/produits1/teTeX-3e/share/texmf-dist/tex/latex/tools/longtable.sty
Package: longtable 2004/02/01 v4.11 Multi-page Table package (DPC)
\LTleft=\skip45
\LTright=\skip46
\LTpre=\skip47
\LTpost=\skip48
\LTchunksize=\count89
\LTcapwidth=\dimen111
\LT@head=\box26
\LT@firsthead=\box27
\LT@foot=\box28
\LT@lastfoot=\box29
\LT@cols=\count90
\LT@rows=\count91
\c@LT@tables=\count92
\c@LT@chunks=\count93
\LT@p@ftn=\toks16
)
(/cea/produits1/teTeX-3e/share/texmf-dist/tex/latex/amsmath/amsmath.sty
Package: amsmath 2000/07/18 v2.13 AMS math features
\@mathmargin=\skip49

For additional information on amsmath, use the `?' option.
(/cea/produits1/teTeX-3e/share/texmf-dist/tex/latex/amsmath/amstext.sty
Package: amstext 2000/06/29 v2.01

(/cea/produits1/teTeX-3e/share/texmf-dist/tex/latex/amsmath/amsgen.sty
File: amsgen.sty 1999/11/30 v2.0
\@emptytoks=\toks17
\ex@=\dimen112
))
(/cea/produits1/teTeX-3e/share/texmf-dist/tex/latex/amsmath/amsbsy.sty
Package: amsbsy 1999/11/29 v1.2d
\pmbraise@=\dimen113
)
(/cea/produits1/teTeX-3e/share/texmf-dist/tex/latex/amsmath/amsopn.sty
Package: amsopn 1999/12/14 v2.01 operator names
)
\inf@bad=\count94
LaTeX Info: Redefining \frac on input line 211.
\uproot@=\count95
\leftroot@=\count96
LaTeX Info: Redefining \overline on input line 307.
\classnum@=\count97
\DOTSCASE@=\count98
LaTeX Info: Redefining \ldots on input line 379.
LaTeX Info: Redefining \dots on input line 382.
LaTeX Info: Redefining \cdots on input line 467.
\Mathstrutbox@=\box30
\strutbox@=\box31
\big@size=\dimen114
LaTeX Font Info:    Redeclaring font encoding OML on input line 567.
LaTeX Font Info:    Redeclaring font encoding OMS on input line 568.
\macc@depth=\count99
\c@MaxMatrixCols=\count100
\dotsspace@=\muskip10
\c@parentequation=\count101
\dspbrk@lvl=\count102
\tag@help=\toks18
\row@=\count103
\column@=\count104
\maxfields@=\count105
\andhelp@=\toks19
\eqnshift@=\dimen115
\alignsep@=\dimen116
\tagshift@=\dimen117
\tagwidth@=\dimen118
\totwidth@=\dimen119
\lineht@=\dimen120
\@envbody=\toks20
\multlinegap=\skip50
\multlinetaggap=\skip51
\mathdisplay@stack=\toks21
LaTeX Info: Redefining \[ on input line 2666.
LaTeX Info: Redefining \] on input line 2667.
)
(/cea/produits1/teTeX-3e/share/texmf-dist/tex/latex/graphics/graphicx.sty
Package: graphicx 1999/02/16 v1.0f Enhanced LaTeX Graphics (DPC,SPQR)

(/cea/produits1/teTeX-3e/share/texmf-dist/tex/latex/graphics/keyval.sty
Package: keyval 1999/03/16 v1.13 key=value parser (DPC)
\KV@toks@=\toks22
)
(/cea/produits1/teTeX-3e/share/texmf-dist/tex/latex/graphics/graphics.sty
Package: graphics 2001/07/07 v1.0n Standard LaTeX Graphics (DPC,SPQR)

(/cea/produits1/teTeX-3e/share/texmf-dist/tex/latex/graphics/trig.sty
Package: trig 1999/03/16 v1.09 sin cos tan (DPC)
)
(/cea/produits1/teTeX-3e/share/texmf-dist/tex/latex/graphics/graphics.cfg
File: graphics.cfg 2005/02/03 v1.3 graphics configuration of teTeX/TeXLive
)
Package graphics Info: Driver file: pdftex.def on input line 80.

(/cea/produits1/teTeX-3e/share/texmf-dist/tex/latex/graphics/pdftex.def
File: pdftex.def 2002/06/19 v0.03k graphics/color for pdftex
\Gread@gobject=\count106
))
\Gin@req@height=\dimen121
\Gin@req@width=\dimen122
)
(/cea/produits1/teTeX-3e/share/texmf-dist/tex/latex/graphics/color.sty
Package: color 1999/02/16 v1.0i Standard LaTeX Color (DPC)

(/cea/produits1/teTeX-3e/share/texmf-dist/tex/latex/graphics/color.cfg
File: color.cfg 2005/02/03 v1.3 color configuration of teTeX/TeXLive
)
Package color Info: Driver file: pdftex.def on input line 125.
)
(/cea/produits1/teTeX-3e/share/texmf-dist/tex/latex/multirow/multirow.sty
\bigstrutjot=\dimen123
)
(/cea/produits1/teTeX-3e/share/texmf-dist/tex/latex/base/ifthen.sty
Package: ifthen 2001/05/26 v1.1c Standard LaTeX ifthen package (DPC)
)
(/cea/produits1/teTeX-3e/share/texmf-dist/tex/latex/koma-script/typearea.sty
Package: typearea 2004/09/16 v2.9t LaTeX2e KOMA package

Package typearea, 2004/09/16 v2.9t LaTeX2e KOMA package
                  Copyright (C) Frank Neukam, 1992-1994
                  Copyright (C) Markus Kohm, 1994-2002

\ta@bcor=\skip52
\ta@div=\count107
\ta@hblk=\skip53
\ta@vblk=\skip54
\ta@temp=\skip55

Package typearea Warning: Bad DIV-value!
(typearea)                You should decrease DIV, increase fontsize or
(typearea)                change papersize.

Package typearea Info: These are the values describing the layout:
(typearea)             DIV  = 12
(typearea)             BCOR = 0.0pt
(typearea)             \paperwidth      = 597.50793pt
(typearea)              \textwidth      = 448.13095pt
(typearea)              \columnwidth    = 345.0pt
(typearea)              \columnsep      = 10.0pt
(typearea)              DIV-departure   = -25/100
(typearea)              \evensidemargin = 2.4185pt
(typearea)              \oddsidemargin  = 2.4185pt
(typearea)             \paperheight     = 845.04694pt
(typearea)              \textheight     = 634.0pt
(typearea)              \topmargin      = -34.84941pt
(typearea)              \headheight     = 15.0pt
(typearea)              \headsep        = 18.0pt
(typearea)              \topskip        = 10.0pt
(typearea)              \footskip       = 42.0pt
(typearea)              \baselineskip   = 12.0pt
(typearea)              on input line 633.
)
\admonitionwidth=\skip56
\docinfowidth=\skip57
\locallinewidth=\skip58
\lineblockindentation=\skip59
 (/cea/produits1/teTeX-3e/share/texmf-dist/tex/latex/hyperref/hyperref.sty
Package: hyperref 2003/11/30 v6.74m Hypertext links for LaTeX
\@linkdim=\dimen124
\Hy@linkcounter=\count108
\Hy@pagecounter=\count109

(/cea/produits1/teTeX-3e/share/texmf-dist/tex/latex/hyperref/pd1enc.def
File: pd1enc.def 2003/11/30 v6.74m Hyperref: PDFDocEncoding definition (HO)
)
(/cea/produits1/teTeX-3e/share/texmf-dist/tex/latex/hyperref/hyperref.cfg
File: hyperref.cfg 2002/06/06 v1.2 hyperref configuration of TeXLive and teTeX
)
Package hyperref Info: Option `colorlinks' set `true' on input line 1830.
Package hyperref Info: Hyper figures OFF on input line 1880.
Package hyperref Info: Link nesting OFF on input line 1885.
Package hyperref Info: Hyper index ON on input line 1888.
Package hyperref Info: Plain pages ON on input line 1893.
Package hyperref Info: Backreferencing OFF on input line 1900.

Implicit mode ON; LaTeX internals redefined
Package hyperref Info: Bookmarks ON on input line 2004.
(/cea/produits1/teTeX-3e/share/texmf/tex/latex/html/url.sty
Package: url 1999/03/02  ver 1.4  Verb mode for urls, email addresses, and file
 names
)
LaTeX Info: Redefining \url on input line 2143.
\Fld@menulength=\count110
\Field@Width=\dimen125
\Fld@charsize=\dimen126
\Choice@toks=\toks23
\Field@toks=\toks24
Package hyperref Info: Hyper figures OFF on input line 2618.
Package hyperref Info: Link nesting OFF on input line 2623.
Package hyperref Info: Hyper index ON on input line 2626.
Package hyperref Info: backreferencing OFF on input line 2633.
Package hyperref Info: Link coloring ON on input line 2636.
\c@Item=\count111
)
*hyperref using default driver hpdftex*
(/cea/produits1/teTeX-3e/share/texmf-dist/tex/latex/hyperref/hpdftex.def
File: hpdftex.def 2003/11/30 v6.74m Hyperref driver for pdfTeX

(/cea/produits1/teTeX-3e/share/texmf-dist/tex/latex/psnfss/pifont.sty
Package: pifont 2004/09/15 PSNFSS-v9.2 Pi font support (SPQR) 
LaTeX Font Info:    Try loading font information for U+pzd on input line 63.

(/cea/produits1/teTeX-3e/share/texmf-dist/tex/latex/psnfss/upzd.fd
File: upzd.fd 2001/06/04 font definitions for U/pzd.
)
LaTeX Font Info:    Try loading font information for U+psy on input line 64.

(/cea/produits1/teTeX-3e/share/texmf-dist/tex/latex/psnfss/upsy.fd
File: upsy.fd 2001/06/04 font definitions for U/psy.
))
\Fld@listcount=\count112
\@outlinefile=\write3
)
No file notes.aux.
\openout1 = `notes.aux'.

LaTeX Font Info:    Checking defaults for OML/cmm/m/it on input line 67.
LaTeX Font Info:    ... okay on input line 67.
LaTeX Font Info:    Checking defaults for T1/cmr/m/n on input line 67.
LaTeX Font Info:    ... okay on input line 67.
LaTeX Font Info:    Checking defaults for OT1/cmr/m/n on input line 67.
LaTeX Font Info:    ... okay on input line 67.
LaTeX Font Info:    Checking defaults for OMS/cmsy/m/n on input line 67.
LaTeX Font Info:    ... okay on input line 67.
LaTeX Font Info:    Checking defaults for OMX/cmex/m/n on input line 67.
LaTeX Font Info:    ... okay on input line 67.
LaTeX Font Info:    Checking defaults for U/cmr/m/n on input line 67.
LaTeX Font Info:    ... okay on input line 67.
LaTeX Font Info:    Checking defaults for PD1/pdf/m/n on input line 67.
LaTeX Font Info:    ... okay on input line 67.
(/cea/produits1/teTeX-3e/share/texmf-dist/tex/context/base/supp-pdf.tex
(/cea/produits1/teTeX-3e/share/texmf-dist/tex/context/base/supp-mis.tex
loading : Context Support Macros / Miscellaneous (2004.10.26)
\protectiondepth=\count113
\scratchcounter=\count114
\scratchtoks=\toks25
\scratchdimen=\dimen127
\scratchskip=\skip60
\scratchmuskip=\muskip11
\scratchbox=\box32
\scratchread=\read1
\scratchwrite=\write4
\zeropoint=\dimen128
\onepoint=\dimen129
\onebasepoint=\dimen130
\minusone=\count115
\thousandpoint=\dimen131
\onerealpoint=\dimen132
\emptytoks=\toks26
\nextbox=\box33
\nextdepth=\dimen133
\everyline=\toks27
\!!counta=\count116
\!!countb=\count117
\recursecounter=\count118
)
loading : Context Support Macros / PDF (2004.03.26)
\nofMPsegments=\count119
\nofMParguments=\count120
\MPscratchCnt=\count121
\MPscratchDim=\dimen134
\MPnumerator=\count122
\everyMPtoPDFconversion=\toks28
)
Package hyperref Info: Link coloring ON on input line 67.
 (/cea/produits1/teTeX-3e/share/texmf-dist/tex/latex/hyperref/nameref.sty
Package: nameref 2003/12/03 v2.21 Cross-referencing by name of section
\c@section@level=\count123
)
LaTeX Info: Redefining \ref on input line 67.
LaTeX Info: Redefining \pageref on input line 67.
\openout3 = `notes.out'.

LaTeX Font Info:    Try loading font information for OMS+aer on input line 73.

(/cea/produits1/teTeX-3e/share/texmf-dist/tex/latex/ae/omsaer.fd
File: omsaer.fd 1999/12/27
)
LaTeX Font Info:    Font shape `OMS/aer/m/n' in size <10> not available
(Font)              Font shape `OMS/cmsy/m/n' tried instead on input line 73.

Overfull \hbox (13.39336pt too wide) in paragraph at lines 74--76
[]\T1/aer/m/n/10 Pour le cou-plage avec MKA3D on in-tro-duit Tdo-main%communica
teur qui vaut MPI_COMMWORLD
 []

LaTeX Font Info:    Try loading font information for T1+aett on input line 79.
(/cea/produits1/teTeX-3e/share/texmf-dist/tex/latex/ae/t1aett.fd
File: t1aett.fd 1997/11/16 Font definitions for T1/aett.
)
Overfull \hbox (8.30765pt too wide) in paragraph at lines 147--148
[]\T1/aer/m/n/10 Files \T1/aett/m/n/10 RegSEM.U/CODE/SourcePosition.f90 \T1/aer
/m/n/10 and \T1/aett/m/n/10 mka3d/mka3d-src/SEM3D/SRC/SourcePosition.f90
 []

[1

{/cea/produits1/teTeX-3e/share/texmf-var/fonts/map/pdftex/updmap/pdftex.map}]
Overfull \hbox (18.78763pt too wide) in paragraph at lines 165--166
[]\T1/aer/m/n/10 Files \T1/aett/m/n/10 RegSEM.U/CODE/allocate_domain.f90 \T1/ae
r/m/n/10 and \T1/aett/m/n/10 mka3d/mka3d-src/SEM3D/SRC/allocate_domain.f90
 []


Overfull \hbox (39.74759pt too wide) in paragraph at lines 186--187
[]\T1/aer/m/n/10 Files \T1/aett/m/n/10 RegSEM.U/CODE/deallocate_domain.f90 \T1/
aer/m/n/10 and \T1/aett/m/n/10 mka3d/mka3d-src/SEM3D/SRC/deallocate_domain.f90
 []


Overfull \hbox (81.66751pt too wide) in paragraph at lines 200--201
[]\T1/aer/m/n/10 Files \T1/aett/m/n/10 RegSEM.U/CODE/define_neu_properties.f90 
\T1/aer/m/n/10 and \T1/aett/m/n/10 mka3d/mka3d-src/SEM3D/SRC/define_neu_propert
ies.f90
 []


Overfull \hbox (113.10745pt too wide) in paragraph at lines 207--208
[]\T1/aer/m/n/10 Files \T1/aett/m/n/10 RegSEM.U/CODE/define_planew_properties.f
90 \T1/aer/m/n/10 and \T1/aett/m/n/10 mka3d/mka3d-src/SEM3D/SRC/define_planew_p
roperties.f90
 []


Overfull \hbox (29.26761pt too wide) in paragraph at lines 221--222
[]\T1/aer/m/n/10 Files \T1/aett/m/n/10 RegSEM.U/CODE/global_numbering.f90 \T1/a
er/m/n/10 and \T1/aett/m/n/10 mka3d/mka3d-src/SEM3D/SRC/global_numbering.f90
 []


Overfull \hbox (4.26736pt too wide) in paragraph at lines 235--236
[]\T1/aer/m/n/10 Files \T1/aett/m/n/10 RegSEM.U/CODE/read_restart.f90 \T1/aer/m
/n/10 and \T1/aett/m/n/10 mka3d/mka3d-src/SEM3D/SRC/read_restart.f90 \T1/aer/m/
n/10 dif-
 []


Overfull \hbox (18.78763pt too wide) in paragraph at lines 237--238
[]\T1/aer/m/n/10 Files \T1/aett/m/n/10 RegSEM.U/CODE/save_checkpoint.f90 \T1/ae
r/m/n/10 and \T1/aett/m/n/10 mka3d/mka3d-src/SEM3D/SRC/save_checkpoint.f90
 []

[2] [3] [4]
Overfull \hbox (0.10837pt too wide) in paragraph at lines 343--344
[]\T1/aett/m/n/10 Files RegSEM.U/CODE/shape8.f90 and mka3d/mka3d-src/SEM3D/SRC/
shape8.f90 dif-
 []

[5] (./notes.aux)

LaTeX Warning: Label(s) may have changed. Rerun to get cross-references right.

 ) 
Here is how much of TeX's memory you used:
 4108 strings out of 94499
 54134 string characters out of 1172869
 115563 words of memory out of 1000000
 7187 multiletter control sequences out of 10000+50000
 20244 words of font info for 49 fonts, out of 500000 for 2000
 580 hyphenation exceptions out of 1000
 28i,6n,22p,222b,227s stack positions out of 1500i,500n,5000p,300000b,5000s
PDF statistics:
 48 PDF objects out of 300000
 9 named destinations out of 131072
 17 words of extra memory for PDF output out of 65536
</cea/produits1/teTeX-3e/share/texmf-dist/fonts/type1/bluesky/cm/cmbx12.pfb><
/cea/produits1/teTeX-3e/share/texmf-dist/fonts/type1/bluesky/cm/cmmi10.pfb></ce
a/produits1/teTeX-3e/share/texmf-dist/fonts/type1/bluesky/cm/cmtt10.pfb></cea/p
roduits1/teTeX-3e/share/texmf-dist/fonts/type1/bluesky/cm/cmr10.pfb></cea/produ
its1/teTeX-3e/share/texmf-dist/fonts/type1/bluesky/cm/cmsy10.pfb></cea/produits
1/teTeX-3e/share/texmf-dist/fonts/type1/bluesky/cm/cmr17.pfb>
Output written on notes.pdf (5 pages, 53527 bytes).
